#
# A fatal error has been detected by the Java Runtime Environment:
#
#  Internal Error (javaClasses.cpp:136), pid=6296, tid=9076
#  fatal error: Invalid layout of preloaded class
#
# JRE version:  (7.0_51-b13) (build )
# Java VM: Java HotSpot(TM) Client VM (24.51-b03 mixed mode windows-x86 )
# Failed to write core dump. Minidumps are not enabled by default on client versions of Windows
#
# If you would like to submit a bug report, please visit:
#   http://bugreport.sun.com/bugreport/crash.jsp
#

---------------  T H R E A D  ---------------

Current thread (0x00f1c000):  JavaThread "Unknown thread" [_thread_in_vm, id=9076, stack(0x00c40000,0x00c90000)]

Stack: [0x00c40000,0x00c90000],  sp=0x00c8f9ac,  free space=318k
Native frames: (J=compiled Java code, j=interpreted, Vv=VM code, C=native code)
V  [jvm.dll+0x18e0f1]
V  [jvm.dll+0x187e66]
V  [jvm.dll+0x3586a]
V  [jvm.dll+0x358f6]
V  [jvm.dll+0x4400d]
V  [jvm.dll+0x442be]
V  [jvm.dll+0x9263a]
V  [jvm.dll+0x929eb]
V  [jvm.dll+0x13dc51]
V  [jvm.dll+0x16076c]
V  [jvm.dll+0xc8ebf]
C  [javaw.exe+0x13ce]
C  [javaw.exe+0x1e40]
C  [javaw.exe+0xa5b1]
C  [javaw.exe+0xa63b]
C  [KERNEL32.DLL+0x1793]
C  [ntdll.dll+0x5c206]
C  [ntdll.dll+0x5c1df]


---------------  P R O C E S S  ---------------

Java Threads: ( => current thread )

Other Threads:

=>0x00f1c000 (exited) JavaThread "Unknown thread" [_thread_in_vm, id=9076, stack(0x00c40000,0x00c90000)]

VM state:not at safepoint (not fully initialized)

VM Mutex/Monitor currently owned by a thread: None

GC Heap History (0 events):
No events

Deoptimization events (0 events):
No events

Internal exceptions (0 events):
No events

Events (10 events):
Event: 0.025 loading class 0x00e2aba8 done
Event: 0.026 loading class 0x00e2a638 done
Event: 0.026 loading class 0x00e2a618
Event: 0.026 loading class 0x00e31940
Event: 0.026 loading class 0x00e31940 done
Event: 0.026 loading class 0x00e31970
Event: 0.026 loading class 0x00e31970 done
Event: 0.026 loading class 0x00e319a0
Event: 0.027 loading class 0x00e319a0 done
Event: 0.027 loading class 0x00e2a618 done


Dynamic libraries:
0x00fa0000 - 0x00fcf000 	C:\Program Files\Java\jre7\bin\javaw.exe
0x77060000 - 0x771c4000 	C:\Windows\SYSTEM32\ntdll.dll
0x755a0000 - 0x75698000 	C:\Windows\system32\KERNEL32.DLL
0x74b80000 - 0x74c51000 	C:\Windows\system32\KERNELBASE.dll
0x73a90000 - 0x73b2a000 	C:\Windows\system32\apphelp.dll
0x58ac0000 - 0x58d12000 	C:\Windows\AppPatch\AcGenral.DLL
0x752c0000 - 0x7537e000 	C:\Windows\system32\msvcrt.dll
0x75d30000 - 0x75d6e000 	C:\Windows\SYSTEM32\sechost.dll
0x74940000 - 0x74962000 	C:\Windows\SYSTEM32\SspiCli.dll
0x76fb0000 - 0x76ff1000 	C:\Windows\system32\SHLWAPI.dll
0x73b70000 - 0x73c52000 	C:\Windows\SYSTEM32\UxTheme.dll
0x75170000 - 0x752bb000 	C:\Windows\system32\USER32.dll
0x75ae0000 - 0x75be9000 	C:\Windows\system32\GDI32.dll
0x6abd0000 - 0x6abf0000 	C:\Windows\SYSTEM32\WINMM.dll
0x6f210000 - 0x6f222000 	C:\Windows\SYSTEM32\samcli.dll
0x756a0000 - 0x757ab000 	C:\Windows\system32\ole32.dll
0x75c50000 - 0x75cd7000 	C:\Windows\system32\OLEAUT32.dll
0x5f800000 - 0x5f815000 	C:\Windows\SYSTEM32\MSACM32.dll
0x6f550000 - 0x6f558000 	C:\Windows\SYSTEM32\VERSION.dll
0x75e00000 - 0x76fa4000 	C:\Windows\system32\SHELL32.dll
0x742a0000 - 0x742b9000 	C:\Windows\SYSTEM32\USERENV.dll
0x734c0000 - 0x734d9000 	C:\Windows\SYSTEM32\dwmapi.dll
0x6fb70000 - 0x6fc94000 	C:\Windows\SYSTEM32\urlmon.dll
0x758b0000 - 0x75927000 	C:\Windows\system32\ADVAPI32.dll
0x65390000 - 0x653ee000 	C:\Windows\SYSTEM32\WINSPOOL.DRV
0x654b0000 - 0x654c4000 	C:\Windows\SYSTEM32\MPR.dll
0x75380000 - 0x75444000 	C:\Windows\system32\RPCRT4.dll
0x75450000 - 0x7559e000 	C:\Windows\SYSTEM32\combase.dll
0x6a9e0000 - 0x6aa00000 	C:\Windows\SYSTEM32\WINMMBASE.dll
0x74ac0000 - 0x74ace000 	C:\Windows\SYSTEM32\profapi.dll
0x6f950000 - 0x6fb67000 	C:\Windows\SYSTEM32\iertutil.dll
0x6f780000 - 0x6f944000 	C:\Windows\SYSTEM32\WININET.dll
0x74c60000 - 0x74c9a000 	C:\Windows\SYSTEM32\cfgmgr32.dll
0x73ca0000 - 0x73cbf000 	C:\Windows\SYSTEM32\DEVOBJ.dll
0x750c0000 - 0x75137000 	C:\Windows\system32\SHCORE.DLL
0x75140000 - 0x75165000 	C:\Windows\system32\IMM32.DLL
0x757b0000 - 0x758a7000 	C:\Windows\system32\MSCTF.dll
0x72f40000 - 0x73125000 	C:\Windows\WinSxS\x86_microsoft.windows.common-controls_6595b64144ccf1df_6.0.9600.16384_none_a9f4965301334e09\COMCTL32.dll
0x6c6b0000 - 0x6c76f000 	C:\Program Files\Java\jre7\bin\msvcr100.dll
0x77310000 - 0x77690000 	C:\Program Files\Java\jre7\bin\client\jvm.dll
0x58de0000 - 0x58de8000 	C:\Windows\SYSTEM32\WSOCK32.dll
0x77000000 - 0x77006000 	C:\Windows\system32\PSAPI.DLL
0x75ce0000 - 0x75d2d000 	C:\Windows\system32\WS2_32.dll
0x750b0000 - 0x750b7000 	C:\Windows\system32\NSI.dll
0x6c610000 - 0x6c61c000 	C:\Program Files\Java\jre7\bin\verify.dll
0x6c5f0000 - 0x6c610000 	C:\Program Files\Java\jre7\bin\java.dll
0x65660000 - 0x65673000 	C:\Program Files\Java\jre7\bin\zip.dll
0x56250000 - 0x56398000 	C:\Windows\SYSTEM32\dbghelp.dll

VM Arguments:
jvm_args: -ea -Dfile.encoding=Cp1252 -Xbootclasspath:D:\adt-bundle-windows-x86-20131030\sdk\platforms\android-19\android.jar 
java_command: org.eclipse.jdt.internal.junit.runner.RemoteTestRunner -version 3 -port 52480 -testLoaderClass org.eclipse.jdt.internal.junit.runner.junit3.JUnit3TestLoader -loaderpluginname org.eclipse.jdt.junit.runtime -classNames cs2114.mazesolver.MazeSolverScreenTests
Launcher Type: SUN_STANDARD

Environment Variables:
PATH=C:/Program Files/Java/jre7/bin/client;C:/Program Files/Java/jre7/bin;C:/Program Files/Java/jre7/lib/i386;C:\Program Files\Intel\TXE Components\TCS\;C:\Windows\system32;C:\Windows;C:\Windows\System32\Wbem;C:\Windows\System32\WindowsPowerShell\v1.0\;C:\Program Files\Intel\TXE Components\DAL\;C:\Program Files\Intel\TXE Components\IPT\;D:\adt-bundle-windows-x86-20131030\eclipse;
USERNAME=Aska192
OS=Windows_NT
PROCESSOR_IDENTIFIER=x86 Family 6 Model 55 Stepping 3, GenuineIntel



---------------  S Y S T E M  ---------------

OS: Windows 8 Build 9200 

CPU:total 4 (4 cores per cpu, 1 threads per core) family 6 model 55 stepping 3, cmov, cx8, fxsr, mmx, sse, sse2, sse3, ssse3, sse4.1, sse4.2, popcnt, aes, erms, tsc, tscinvbit

Memory: 4k page, physical 1979752k(501240k free), swap 4867620k(2038924k free)

vm_info: Java HotSpot(TM) Client VM (24.51-b03) for windows-x86 JRE (1.7.0_51-b13), built on Dec 18 2013 19:09:58 by "java_re" with unknown MS VC++:1600

time: Sun Mar 23 20:50:48 2014
elapsed time: 0 seconds

